TN:
SF:src\services\auth.service.ts
FN:16,(anonymous_8)
FN:32,(anonymous_10)
FN:53,(anonymous_12)
FNF:3
FNH:3
FNDA:2,(anonymous_8)
FNDA:4,(anonymous_10)
FNDA:2,(anonymous_12)
DA:1,1
DA:2,1
DA:3,1
DA:17,2
DA:18,1
DA:33,4
DA:39,4
DA:40,2
DA:41,2
DA:42,1
DA:43,1
DA:54,2
DA:60,2
DA:64,1
DA:65,1
LF:15
LH:15
BRDA:39,0,0,2
BRDA:39,1,0,4
BRDA:39,1,1,3
BRDA:41,2,0,1
BRDA:60,3,0,1
BRF:5
BRH:5
end_of_record
TN:
SF:src\utils\ApiError.ts
FN:3,(anonymous_0)
FNF:1
FNH:1
FNDA:4,(anonymous_0)
DA:1,1
DA:4,4
DA:5,4
LF:3
LH:3
BRF:0
BRH:0
end_of_record
